INFO:     Will watch for changes in these directories: ['/Users/gio/Desktop/seminars /machine learning/polymarket dashboard/dashboard/backend']
INFO:     Uvicorn running on http://127.0.0.1:8000 (Press CTRL+C to quit)
INFO:     Started reloader process [7812] using WatchFiles
INFO:     Started server process [7814]
INFO:     Waiting for application startup.
INFO:     Application startup complete.
INFO:     127.0.0.1:63567 - "GET /health HTTP/1.1" 200 OK
INFO:     127.0.0.1:63582 - "GET /api/live HTTP/1.1" 503 Service Unavailable
INFO:     127.0.0.1:63581 - "GET /health HTTP/1.1" 200 OK
[POLY] effective_target_date=2026-04-13
[POLY] NVDA | date=2026-04-13 | up=0.375 | market_slug=nvda-up-or-down-on-april-13-2026 | question=NVIDIA (NVDA) Up or Down on April 13? | src=gamma_outcome_prices | market_updated_at=2026-04-13T16:36:20.47841Z | fetched_at=2026-04-13T12:42:56.138252-04:00
[POLY] GOOGL | date=2026-04-13 | up=0.86 | market_slug=googl-up-or-down-on-april-13-2026 | question=Google (GOOGL) Up or Down on April 13? | src=gamma_outcome_prices | market_updated_at=2026-04-13T16:39:15.963741Z | fetched_at=2026-04-13T12:42:56.158741-04:00
[POLY] AMZN | date=2026-04-13 | up=0.485 | market_slug=amzn-up-or-down-on-april-13-2026 | question=Amazon (AMZN) Up or Down on April 13? | src=gamma_outcome_prices | market_updated_at=2026-04-13T16:39:56.609906Z | fetched_at=2026-04-13T12:42:56.177517-04:00
[POLY] AAPL | date=2026-04-13 | up=0.0495 | market_slug=aapl-up-or-down-on-april-13-2026 | question=Apple (AAPL) Up or Down on April 13? | src=gamma_outcome_prices | market_updated_at=2026-04-13T16:36:48.889698Z | fetched_at=2026-04-13T12:42:56.197890-04:00
[POLY] MSFT | date=2026-04-13 | up=0.997 | market_slug=msft-up-or-down-on-april-13-2026 | question=Microsoft (MSFT) Up or Down on April 13? | src=gamma_outcome_prices | market_updated_at=2026-04-13T16:36:04.130644Z | fetched_at=2026-04-13T12:42:56.218597-04:00
[POLY] TSLA | date=2026-04-13 | up=0.86 | market_slug=tsla-up-or-down-on-april-13-2026 | question=Tesla (TSLA) Up or Down on April 13? | src=gamma_outcome_prices | market_updated_at=2026-04-13T16:40:04.762831Z | fetched_at=2026-04-13T12:42:56.237889-04:00
[POLY] NFLX | date=2026-04-13 | up=0.61 | market_slug=nflx-up-or-down-on-april-13-2026 | question=Netflix (NFLX) Up or Down on April 13? | src=gamma_outcome_prices | market_updated_at=2026-04-13T16:36:11.401425Z | fetched_at=2026-04-13T12:42:56.256428-04:00
[POLY] META | date=2026-04-13 | up=0.46 | market_slug=meta-up-or-down-on-april-13-2026 | question=Meta (META) Up or Down on April 13? | src=gamma_outcome_prices | market_updated_at=2026-04-13T16:36:31.164388Z | fetched_at=2026-04-13T12:42:56.272770-04:00
[POLY] PLTR | date=2026-04-13 | up=0.9835 | market_slug=pltr-up-or-down-on-april-13-2026 | question=Palantir (PLTR) Up or Down on April 13? | src=gamma_outcome_prices | market_updated_at=2026-04-13T16:36:29.340971Z | fetched_at=2026-04-13T12:42:56.303208-04:00
[POLY] COIN | date=2026-04-13 | up=0.935 | market_slug=coin-up-or-down-on-april-13-2026 | question=Coinbase (COIN) Up or Down on April 13? | src=gamma_outcome_prices | market_updated_at=2026-04-13T16:38:55.523364Z | fetched_at=2026-04-13T12:42:56.336816-04:00
[POLY-RIGHT] Indices | S&P 500 | day=2026-04-13 | remaining=3h 16min | slug=spx-up-or-down-on-april-13-2026
[POLY-RIGHT] Indices | Nasdaq 100 | day=2026-04-13 | remaining=3h 16min | slug=ndx-up-or-down-on-april-13-2026
INFO:     127.0.0.1:63581 - "GET /api/geopolitical HTTP/1.1" 200 OK
INFO:     127.0.0.1:63582 - "GET /api/geopolitical HTTP/1.1" 200 OK
[POLY-RIGHT] Indices | Russell 2000 | day=2026-04-13 | remaining=3h 16min | slug=rut-up-or-down-on-april-13-2026
[POLY-RIGHT] Indices | QQQ | day=2026-04-13 | remaining=3h 16min | slug=qqq-up-or-down-on-april-13-2026
[POLY-RIGHT] Indices | Dow Jones | day=2026-04-13 | remaining=3h 16min | slug=djia-up-or-down-on-april-13-2026
[POLY-RIGHT] Indices | DAX | day=2026-04-13 | remaining=3h 16min | slug=dax-up-or-down-on-april-13-2026
[POLY-RIGHT] Crypto | Bitcoin | day=2026-04-14 | remaining=23h 16min | slug=bitcoin-up-or-down-on-april-14-2026
[POLY-RIGHT] Crypto | Ethereum | day=2026-04-14 | remaining=23h 16min | slug=ethereum-up-or-down-on-april-14-2026
[POLY-RIGHT] Crypto | Solana | day=2026-04-14 | remaining=23h 16min | slug=solana-up-or-down-on-april-14-2026
[POLY-RIGHT] Commodities | Gold | day=2026-04-13 | remaining=4h 16min | slug=xauusd-up-or-down-on-april-13-2026
[POLY-RIGHT] Commodities | WTI | day=2026-04-13 | remaining=4h 16min | slug=wti-up-or-down-on-april-13-2026
[POLY-RIGHT] Commodities | Silver | day=2026-04-13 | remaining=4h 16min | slug=xagusd-up-or-down-on-april-13-2026
INFO:     127.0.0.1:63610 - "GET /api/asset/NVDA?days=60 HTTP/1.1" 200 OK
INFO:     127.0.0.1:63612 - "GET /api/heatmap?days=60 HTTP/1.1" 200 OK
INFO:     127.0.0.1:63611 - "GET /api/asset/NVDA/preopen HTTP/1.1" 200 OK
INFO:     127.0.0.1:63619 - "GET /api/live HTTP/1.1" 200 OK
INFO:     127.0.0.1:63620 - "GET /api/live HTTP/1.1" 200 OK
[POLY] effective_target_date=2026-04-13
[POLY] NVDA | date=2026-04-13 | up=0.375 | market_slug=nvda-up-or-down-on-april-13-2026 | question=NVIDIA (NVDA) Up or Down on April 13? | src=gamma_outcome_prices | market_updated_at=2026-04-13T16:36:20.47841Z | fetched_at=2026-04-13T12:43:35.520014-04:00
[POLY] GOOGL | date=2026-04-13 | up=0.86 | market_slug=googl-up-or-down-on-april-13-2026 | question=Google (GOOGL) Up or Down on April 13? | src=gamma_outcome_prices | market_updated_at=2026-04-13T16:39:15.963741Z | fetched_at=2026-04-13T12:43:35.539429-04:00
[POLY] AMZN | date=2026-04-13 | up=0.485 | market_slug=amzn-up-or-down-on-april-13-2026 | question=Amazon (AMZN) Up or Down on April 13? | src=gamma_outcome_prices | market_updated_at=2026-04-13T16:39:56.609906Z | fetched_at=2026-04-13T12:43:35.560285-04:00
[POLY] AAPL | date=2026-04-13 | up=0.0495 | market_slug=aapl-up-or-down-on-april-13-2026 | question=Apple (AAPL) Up or Down on April 13? | src=gamma_outcome_prices | market_updated_at=2026-04-13T16:36:48.889698Z | fetched_at=2026-04-13T12:43:35.579725-04:00
[POLY] MSFT | date=2026-04-13 | up=0.997 | market_slug=msft-up-or-down-on-april-13-2026 | question=Microsoft (MSFT) Up or Down on April 13? | src=gamma_outcome_prices | market_updated_at=2026-04-13T16:36:04.130644Z | fetched_at=2026-04-13T12:43:35.600415-04:00
[POLY] TSLA | date=2026-04-13 | up=0.86 | market_slug=tsla-up-or-down-on-april-13-2026 | question=Tesla (TSLA) Up or Down on April 13? | src=gamma_outcome_prices | market_updated_at=2026-04-13T16:40:04.762831Z | fetched_at=2026-04-13T12:43:35.622117-04:00
[POLY] NFLX | date=2026-04-13 | up=0.61 | market_slug=nflx-up-or-down-on-april-13-2026 | question=Netflix (NFLX) Up or Down on April 13? | src=gamma_outcome_prices | market_updated_at=2026-04-13T16:36:11.401425Z | fetched_at=2026-04-13T12:43:35.642938-04:00
[POLY] META | date=2026-04-13 | up=0.46 | market_slug=meta-up-or-down-on-april-13-2026 | question=Meta (META) Up or Down on April 13? | src=gamma_outcome_prices | market_updated_at=2026-04-13T16:36:31.164388Z | fetched_at=2026-04-13T12:43:35.672219-04:00
[POLY] PLTR | date=2026-04-13 | up=0.9835 | market_slug=pltr-up-or-down-on-april-13-2026 | question=Palantir (PLTR) Up or Down on April 13? | src=gamma_outcome_prices | market_updated_at=2026-04-13T16:36:29.340971Z | fetched_at=2026-04-13T12:43:35.698835-04:00
[POLY] COIN | date=2026-04-13 | up=0.935 | market_slug=coin-up-or-down-on-april-13-2026 | question=Coinbase (COIN) Up or Down on April 13? | src=gamma_outcome_prices | market_updated_at=2026-04-13T16:38:55.523364Z | fetched_at=2026-04-13T12:43:35.722940-04:00
[POLY-RIGHT] Indices | S&P 500 | day=2026-04-13 | remaining=3h 16min | slug=spx-up-or-down-on-april-13-2026
[POLY-RIGHT] Indices | Nasdaq 100 | day=2026-04-13 | remaining=3h 16min | slug=ndx-up-or-down-on-april-13-2026
[POLY-RIGHT] Indices | Russell 2000 | day=2026-04-13 | remaining=3h 16min | slug=rut-up-or-down-on-april-13-2026
[POLY-RIGHT] Indices | QQQ | day=2026-04-13 | remaining=3h 16min | slug=qqq-up-or-down-on-april-13-2026
[POLY-RIGHT] Indices | Dow Jones | day=2026-04-13 | remaining=3h 16min | slug=djia-up-or-down-on-april-13-2026
[POLY-RIGHT] Indices | DAX | day=2026-04-13 | remaining=3h 16min | slug=dax-up-or-down-on-april-13-2026
[POLY-RIGHT] Crypto | Bitcoin | day=2026-04-14 | remaining=23h 16min | slug=bitcoin-up-or-down-on-april-14-2026
[POLY-RIGHT] Crypto | Ethereum | day=2026-04-14 | remaining=23h 16min | slug=ethereum-up-or-down-on-april-14-2026
[POLY-RIGHT] Crypto | Solana | day=2026-04-14 | remaining=23h 16min | slug=solana-up-or-down-on-april-14-2026
[POLY-RIGHT] Commodities | Gold | day=2026-04-13 | remaining=4h 16min | slug=xauusd-up-or-down-on-april-13-2026
[POLY-RIGHT] Commodities | WTI | day=2026-04-13 | remaining=4h 16min | slug=wti-up-or-down-on-april-13-2026
[POLY-RIGHT] Commodities | Silver | day=2026-04-13 | remaining=4h 16min | slug=xagusd-up-or-down-on-april-13-2026
[POLY] effective_target_date=2026-04-13
[POLY] NVDA | date=2026-04-13 | up=0.375 | market_slug=nvda-up-or-down-on-april-13-2026 | question=NVIDIA (NVDA) Up or Down on April 13? | src=gamma_outcome_prices | market_updated_at=2026-04-13T16:36:20.47841Z | fetched_at=2026-04-13T12:44:12.672992-04:00
[POLY] GOOGL | date=2026-04-13 | up=0.86 | market_slug=googl-up-or-down-on-april-13-2026 | question=Google (GOOGL) Up or Down on April 13? | src=gamma_outcome_prices | market_updated_at=2026-04-13T16:39:15.963741Z | fetched_at=2026-04-13T12:44:12.695345-04:00
[POLY] AMZN | date=2026-04-13 | up=0.485 | market_slug=amzn-up-or-down-on-april-13-2026 | question=Amazon (AMZN) Up or Down on April 13? | src=gamma_outcome_prices | market_updated_at=2026-04-13T16:39:56.609906Z | fetched_at=2026-04-13T12:44:12.715662-04:00
[POLY] AAPL | date=2026-04-13 | up=0.0725 | market_slug=aapl-up-or-down-on-april-13-2026 | question=Apple (AAPL) Up or Down on April 13? | src=gamma_outcome_prices | market_updated_at=2026-04-13T16:39:59.043282Z | fetched_at=2026-04-13T12:44:12.736277-04:00
[POLY] MSFT | date=2026-04-13 | up=0.997 | market_slug=msft-up-or-down-on-april-13-2026 | question=Microsoft (MSFT) Up or Down on April 13? | src=gamma_outcome_prices | market_updated_at=2026-04-13T16:43:23.798592Z | fetched_at=2026-04-13T12:44:12.755371-04:00
[POLY] TSLA | date=2026-04-13 | up=0.86 | market_slug=tsla-up-or-down-on-april-13-2026 | question=Tesla (TSLA) Up or Down on April 13? | src=gamma_outcome_prices | market_updated_at=2026-04-13T16:40:04.762831Z | fetched_at=2026-04-13T12:44:12.792760-04:00
[POLY] NFLX | date=2026-04-13 | up=0.61 | market_slug=nflx-up-or-down-on-april-13-2026 | question=Netflix (NFLX) Up or Down on April 13? | src=gamma_outcome_prices | market_updated_at=2026-04-13T16:36:11.401425Z | fetched_at=2026-04-13T12:44:12.812056-04:00
[POLY] META | date=2026-04-13 | up=0.46 | market_slug=meta-up-or-down-on-april-13-2026 | question=Meta (META) Up or Down on April 13? | src=gamma_outcome_prices | market_updated_at=2026-04-13T16:36:31.164388Z | fetched_at=2026-04-13T12:44:12.833918-04:00
[POLY] PLTR | date=2026-04-13 | up=0.9835 | market_slug=pltr-up-or-down-on-april-13-2026 | question=Palantir (PLTR) Up or Down on April 13? | src=gamma_outcome_prices | market_updated_at=2026-04-13T16:36:29.340971Z | fetched_at=2026-04-13T12:44:12.856941-04:00
[POLY] COIN | date=2026-04-13 | up=0.935 | market_slug=coin-up-or-down-on-april-13-2026 | question=Coinbase (COIN) Up or Down on April 13? | src=gamma_outcome_prices | market_updated_at=2026-04-13T16:38:55.523364Z | fetched_at=2026-04-13T12:44:12.877953-04:00
[POLY-RIGHT] Indices | S&P 500 | day=2026-04-13 | remaining=3h 15min | slug=spx-up-or-down-on-april-13-2026
[POLY-RIGHT] Indices | Nasdaq 100 | day=2026-04-13 | remaining=3h 15min | slug=ndx-up-or-down-on-april-13-2026
[POLY-RIGHT] Indices | Russell 2000 | day=2026-04-13 | remaining=3h 15min | slug=rut-up-or-down-on-april-13-2026
[POLY-RIGHT] Indices | QQQ | day=2026-04-13 | remaining=3h 15min | slug=qqq-up-or-down-on-april-13-2026
[POLY-RIGHT] Indices | Dow Jones | day=2026-04-13 | remaining=3h 15min | slug=djia-up-or-down-on-april-13-2026
[POLY-RIGHT] Indices | DAX | day=2026-04-13 | remaining=3h 15min | slug=dax-up-or-down-on-april-13-2026
[POLY-RIGHT] Crypto | Bitcoin | day=2026-04-14 | remaining=23h 15min | slug=bitcoin-up-or-down-on-april-14-2026
[POLY-RIGHT] Crypto | Ethereum | day=2026-04-14 | remaining=23h 15min | slug=ethereum-up-or-down-on-april-14-2026
[POLY-RIGHT] Crypto | Solana | day=2026-04-14 | remaining=23h 15min | slug=solana-up-or-down-on-april-14-2026
[POLY-RIGHT] Commodities | Gold | day=2026-04-13 | remaining=4h 15min | slug=xauusd-up-or-down-on-april-13-2026
[POLY-RIGHT] Commodities | WTI | day=2026-04-13 | remaining=4h 15min | slug=wti-up-or-down-on-april-13-2026
[POLY-RIGHT] Commodities | Silver | day=2026-04-13 | remaining=4h 15min | slug=xagusd-up-or-down-on-april-13-2026
[POLY] effective_target_date=2026-04-13
[POLY] NVDA | date=2026-04-13 | up=0.375 | market_slug=nvda-up-or-down-on-april-13-2026 | question=NVIDIA (NVDA) Up or Down on April 13? | src=gamma_outcome_prices | market_updated_at=2026-04-13T16:36:20.47841Z | fetched_at=2026-04-13T12:44:49.828246-04:00
[POLY] GOOGL | date=2026-04-13 | up=0.86 | market_slug=googl-up-or-down-on-april-13-2026 | question=Google (GOOGL) Up or Down on April 13? | src=gamma_outcome_prices | market_updated_at=2026-04-13T16:39:15.963741Z | fetched_at=2026-04-13T12:44:49.867141-04:00WARNING:  WatchFiles detected changes in '__init__.py'. Reloading...
INFO:     Shutting down
INFO:     Waiting for application shutdown.
INFO:     Application shutdown complete.
INFO:     Finished server process [7814]
WARNING:  WatchFiles detected changes in 'backtest.py'. Reloading...
INFO:     Started server process [7926]
INFO:     Waiting for application startup.
INFO:     Application startup complete.
INFO:     Shutting down
INFO:     Waiting for application shutdown.
INFO:     Application shutdown complete.
INFO:     Finished server process [7926]
WARNING:  WatchFiles detected changes in 'pipeline.py'. Reloading...
INFO:     Started server process [7927]
INFO:     Waiting for application startup.
INFO:     Application startup complete.
INFO:     Shutting down
INFO:     Waiting for application shutdown.
INFO:     Application shutdown complete.
INFO:     Finished server process [7927]
WARNING:  WatchFiles detected changes in 'server.py', 'test_imports.py', '__init__.py', 'live_data.py'. Reloading...
INFO:     Started server process [7928]
INFO:     Waiting for application startup.
INFO:     Application startup complete.
INFO:     Shutting down
INFO:     Waiting for application shutdown.
INFO:     Application shutdown complete.
INFO:     Finished server process [7928]
WARNING:  WatchFiles detected changes in 'polymarket_runtime.py'. Reloading...
INFO:     Started server process [7929]
INFO:     Waiting for application startup.
INFO:     Application startup complete.
INFO:     Shutting down
INFO:     Waiting for application shutdown.
INFO:     Application shutdown complete.
INFO:     Finished server process [7929]
INFO:     Started server process [7931]
INFO:     Waiting for application startup.
INFO:     Application startup complete.
WARNING:  WatchFiles detected changes in 'config.py', 'run_daily.py'. Reloading...
INFO:     Shutting down
INFO:     Waiting for application shutdown.
INFO:     Application shutdown complete.
INFO:     Finished server process [7931]
INFO:     Started server process [7932]
INFO:     Waiting for application startup.
INFO:     Application startup complete.
