10:38:15  INFO      ====================================================
10:38:15  INFO      POLYMARKET PIPELINE  2026-04-13
10:38:15  INFO      ====================================================
10:38:15  INFO      fetching raw PM data: NFLX
10:45:00  INFO      NFLX: 12314 rows
10:45:00  INFO      fetching raw PM data: TSLA
10:51:42  INFO      TSLA: 13740 rows
10:51:42  INFO      fetching raw PM data: AAPL
10:58:24  INFO      AAPL: 15464 rows
10:58:24  INFO      fetching raw PM data: NVDA
11:05:14  INFO      NVDA: 17778 rows
11:05:14  INFO      fetching raw PM data: GOOGL
11:12:01  INFO      GOOGL: 16079 rows
11:12:01  INFO      fetching raw PM data: META
11:18:59  INFO      META: 10585 rows
11:18:59  INFO      fetching raw PM data: MSFT
11:25:49  INFO      MSFT: 14512 rows
11:25:49  INFO      fetching raw PM data: AMZN
11:32:37  INFO      AMZN: 10990 rows
11:32:37  INFO      raw orderbook total: 111462 rows, 8 assets
11:32:37  INFO      building pre-open signals...
11:32:37  INFO      signals built for: ['AAPL', 'AMZN', 'GOOGL', 'META', 'MSFT', 'NFLX', 'NVDA', 'TSLA']
11:32:37  INFO      saved: /Users/gio/Desktop/seminars /machine learning/polymarket dashboard/backend/data/signals_today.csv
11:32:37  INFO      saved: /Users/gio/Desktop/seminars /machine learning/polymarket dashboard/backend/data/orderbook_latest.csv
11:32:37  INFO      attaching stock data...
11:32:39  INFO      enriched orderbook: 111462 rows
11:32:39  INFO      collapsing to windows...
11:32:39  INFO      panel after collapse: (11366, 17)
11:32:39  INFO      computing lead-lag...
11:32:39  INFO      panel after lead-lag: (11366, 21)
11:32:39  INFO      saved: /Users/gio/Desktop/seminars /machine learning/polymarket dashboard/backend/data/panel_15m.csv
11:32:39  INFO      saved: /Users/gio/Desktop/seminars /machine learning/polymarket dashboard/backend/data/last_run.json
11:32:39  INFO      ====================================================
11:32:39  INFO      PIPELINE COMPLETE
11:32:39  INFO        signals rows:  8
11:32:39  INFO        panel rows:    11366
11:32:39  INFO        assets ok:     ['NFLX', 'TSLA', 'AAPL', 'NVDA', 'GOOGL', 'META', 'MSFT', 'AMZN']
11:32:39  INFO      ====================================================
13:44:12  INFO      ====================================================
13:44:12  INFO      POLYMARKET PIPELINE  2026-04-13
13:44:12  INFO      ====================================================
13:44:12  INFO      fetching raw PM data: NFLX
16:39:21  INFO      ====================================================
16:39:21  INFO      POLYMARKET PIPELINE  2026-04-13
16:39:21  INFO      ====================================================
16:39:21  INFO      fetching raw PM data: NFLX
16:40:31  INFO      NFLX: 11917 rows
16:40:31  INFO      fetching raw PM data: TSLA
16:41:54  INFO      TSLA: 13423 rows
16:41:54  INFO      fetching raw PM data: AAPL
16:43:15  INFO      AAPL: 14726 rows
16:43:15  INFO      fetching raw PM data: NVDA
16:44:38  INFO      NVDA: 17015 rows
16:44:38  INFO      fetching raw PM data: GOOGL
16:46:01  INFO      GOOGL: 15328 rows
16:46:01  INFO      fetching raw PM data: META
16:47:21  INFO      META: 10434 rows
16:47:21  INFO      fetching raw PM data: MSFT
16:48:40  INFO      MSFT: 14201 rows
16:48:40  INFO      fetching raw PM data: AMZN
16:50:03  INFO      AMZN: 10869 rows
16:50:03  INFO      fetching raw PM data: PLTR
16:51:29  INFO      PLTR: 10110 rows
16:51:29  INFO      fetching raw PM data: COIN
16:52:45  INFO      COIN: 11859 rows
16:52:45  INFO      raw orderbook total: 129882 rows, 10 assets
16:52:45  INFO      building pre-open signals...
16:52:45  INFO      signals built for: ['AAPL', 'AMZN', 'COIN', 'GOOGL', 'META', 'MSFT', 'NFLX', 'NVDA', 'PLTR', 'TSLA']
16:52:45  INFO      saved: /Users/gio/Desktop/seminars /machine learning/polymarket dashboard/backend/data/signals_today.csv
16:52:45  INFO      saved: /Users/gio/Desktop/seminars /machine learning/polymarket dashboard/backend/data/orderbook_latest.csv
16:52:45  INFO      attaching stock data...
16:52:47  INFO      enriched orderbook: 129882 rows
16:52:47  INFO      collapsing to windows...
16:52:47  INFO      panel after collapse: (13799, 17)
16:52:47  INFO      computing lead-lag...
16:52:47  INFO      panel after lead-lag: (13799, 21)
16:52:47  INFO      saved: /Users/gio/Desktop/seminars /machine learning/polymarket dashboard/backend/data/panel_15m.csv
16:52:47  INFO      saved: /Users/gio/Desktop/seminars /machine learning/polymarket dashboard/backend/data/last_run.json
16:52:47  INFO      ====================================================
16:52:47  INFO      PIPELINE COMPLETE
16:52:47  INFO        signals rows:  10
16:52:47  INFO        panel rows:    13799
16:52:47  INFO        assets ok:     ['NFLX', 'TSLA', 'AAPL', 'NVDA', 'GOOGL', 'META', 'MSFT', 'AMZN', 'PLTR', 'COIN']
16:52:47  INFO      ====================================================
18:16:21  INFO      ====================================================
18:16:21  INFO      POLYMARKET PIPELINE  2026-04-13
18:16:21  INFO      MODE: DRY RUN — files will NOT be written
18:16:21  INFO      ====================================================
18:16:21  INFO      fetching raw PM data: NFLX
18:17:24  INFO      NFLX: 11928 rows
18:17:24  INFO      fetching raw PM data: TSLA
18:18:28  INFO      TSLA: 13527 rows
18:18:28  INFO      fetching raw PM data: AAPL
18:18:37  INFO      ====================================================
18:18:37  INFO      POLYMARKET PIPELINE  2026-04-13
18:18:37  INFO      MODE: DRY RUN — files will NOT be written
18:18:37  INFO      ====================================================
18:18:37  INFO      fetching raw PM data: NFLX
18:19:33  INFO      AAPL: 14764 rows
18:19:33  INFO      fetching raw PM data: NVDA
18:19:40  INFO      NFLX: 11936 rows
18:19:40  INFO      fetching raw PM data: TSLA
18:20:38  INFO      NVDA: 17255 rows
18:20:38  INFO      fetching raw PM data: GOOGL
18:20:41  INFO      TSLA: 13529 rows
18:20:41  INFO      fetching raw PM data: AAPL
18:21:42  INFO      GOOGL: 15550 rows
18:21:42  INFO      fetching raw PM data: META
18:21:42  INFO      AAPL: 14766 rows
18:21:42  INFO      fetching raw PM data: NVDA
18:22:44  INFO      NVDA: 17255 rows
18:22:44  INFO      fetching raw PM data: GOOGL
18:22:45  INFO      META: 10480 rows
18:22:45  INFO      fetching raw PM data: MSFT
18:23:44  INFO      GOOGL: 15553 rows
18:23:44  INFO      fetching raw PM data: META
18:23:49  INFO      MSFT: 14333 rows
18:23:49  INFO      fetching raw PM data: AMZN
18:24:46  INFO      META: 10480 rows
18:24:46  INFO      fetching raw PM data: MSFT
18:24:52  INFO      AMZN: 10995 rows
18:24:52  INFO      fetching raw PM data: PLTR
18:25:48  INFO      MSFT: 14333 rows
18:25:48  INFO      fetching raw PM data: AMZN
18:25:56  INFO      PLTR: 10127 rows
18:25:56  INFO      fetching raw PM data: COIN
18:26:48  INFO      AMZN: 11003 rows
18:26:48  INFO      fetching raw PM data: PLTR
18:26:59  INFO      COIN: 11903 rows
18:26:59  INFO      raw orderbook total: 130862 rows, 10 assets
18:26:59  INFO      building pre-open signals...
18:26:59  INFO      signals built for: ['AAPL', 'AMZN', 'COIN', 'GOOGL', 'META', 'MSFT', 'NFLX', 'NVDA', 'PLTR', 'TSLA']
18:26:59  INFO      attaching stock data...
18:27:01  INFO      enriched orderbook: 130862 rows
18:27:01  INFO      collapsing to windows...
18:27:01  INFO      panel after collapse: (13915, 17)
18:27:01  INFO      computing lead-lag...
18:27:01  INFO      panel after lead-lag: (13915, 21)
18:27:01  INFO      ====================================================
18:27:01  INFO      PIPELINE COMPLETE
18:27:01  INFO        signals rows:  10
18:27:01  INFO        panel rows:    13915
18:27:01  INFO        assets ok:     ['NFLX', 'TSLA', 'AAPL', 'NVDA', 'GOOGL', 'META', 'MSFT', 'AMZN', 'PLTR', 'COIN']
18:27:01  INFO      ====================================================
18:27:49  INFO      PLTR: 10127 rows
18:27:49  INFO      fetching raw PM data: COIN
18:28:48  INFO      COIN: 11903 rows
18:28:48  INFO      raw orderbook total: 130885 rows, 10 assets
18:28:48  INFO      building pre-open signals...
18:28:48  INFO      signals built for: ['AAPL', 'AMZN', 'COIN', 'GOOGL', 'META', 'MSFT', 'NFLX', 'NVDA', 'PLTR', 'TSLA']
18:28:48  INFO      attaching stock data...
18:28:49  INFO      enriched orderbook: 130885 rows
18:28:49  INFO      collapsing to windows...
18:28:49  INFO      panel after collapse: (13918, 17)
18:28:49  INFO      computing lead-lag...
18:28:49  INFO      panel after lead-lag: (13918, 21)
18:28:49  INFO      ====================================================
18:28:49  INFO      PIPELINE COMPLETE
18:28:49  INFO        signals rows:  10
18:28:49  INFO        panel rows:    13918
18:28:49  INFO        assets ok:     ['NFLX', 'TSLA', 'AAPL', 'NVDA', 'GOOGL', 'META', 'MSFT', 'AMZN', 'PLTR', 'COIN']
18:28:49  INFO      ====================================================
